<?xml version="1.0" encoding="UTF-8"?>
<!-- Generated by org.testng.reporters.JUnitXMLReporter -->
<testsuite ignored="1" hostname="DESKTOP-0TK5P9S" failures="4" tests="10" name="Hodinkee Test" time="38.899" errors="0" timestamp="2021-03-20T09:20:49 CST">
  <testcase classname="test.FactorialTest" name="factorialTest" time="0.93"/>
  <testcase classname="test.FactorialTest" name="factorialTest" time="0.753"/>
  <testcase classname="test.FactorialTest" name="factorialTest" time="5.792">
    <failure type="com.codeborne.selenide.ex.ElementShould" message="Element should have text &amp;apos;The factorial of 1009 is:&amp;apos; {#resultDiv}
Element: &amp;apos;&amp;lt;p class=&amp;quot;text-center top-space-20&amp;quot; id=&amp;quot;resultDiv&amp;quot;&amp;gt;&amp;lt;/p&amp;gt;&amp;apos;
Screenshot: file:/C:/Users/drivas/Documents/HodinkeeCodeChallenge/target/screenshot/1616253623885.0.png
Page source: file:/C:/Users/drivas/Documents/HodinkeeCodeChallenge/target/screenshot/1616253623885.0.html
Timeout: 5 s.">
      <![CDATA[Element should have text 'The factorial of 1009 is:' {#resultDiv}
Element: '<p class="text-center top-space-20" id="resultDiv"></p>'
Screenshot: file:/C:/Users/drivas/Documents/HodinkeeCodeChallenge/target/screenshot/1616253623885.0.png
Page source: file:/C:/Users/drivas/Documents/HodinkeeCodeChallenge/target/screenshot/1616253623885.0.html
Timeout: 5 s.
at com.codeborne.selenide.impl.WebElementSource.checkCondition(WebElementSource.java:121)
at com.codeborne.selenide.commands.Should.execute(Should.java:30)
at com.codeborne.selenide.commands.Should.execute(Should.java:14)
at com.codeborne.selenide.commands.Commands.execute(Commands.java:155)
at com.codeborne.selenide.impl.SelenideElementProxy.dispatchAndRetry(SelenideElementProxy.java:128)
at com.codeborne.selenide.impl.SelenideElementProxy.invoke(SelenideElementProxy.java:80)
at com.sun.proxy.$Proxy8.shouldHave(Unknown Source)
at test.FactorialTest.factorialTest(FactorialTest.java:28)
at java.base/java.util.ArrayList.forEach(ArrayList.java:1540)
... Removed 31 stack frames]]>
    </failure>
  </testcase> <!-- factorialTest -->
  <testcase classname="test.FactorialTest" name="factorialNegativeTest" time="5.829">
    <failure type="com.codeborne.selenide.ex.ElementShould" message="Element should have text &amp;apos;Please enter an integer&amp;apos; {#resultDiv}
Element: &amp;apos;&amp;lt;p class=&amp;quot;text-center top-space-20&amp;quot; id=&amp;quot;resultDiv&amp;quot;&amp;gt;&amp;lt;/p&amp;gt;&amp;apos;
Screenshot: file:/C:/Users/drivas/Documents/HodinkeeCodeChallenge/target/screenshot/1616253633873.1.png
Page source: file:/C:/Users/drivas/Documents/HodinkeeCodeChallenge/target/screenshot/1616253633873.1.html
Timeout: 5 s.">
      <![CDATA[Element should have text 'Please enter an integer' {#resultDiv}
Element: '<p class="text-center top-space-20" id="resultDiv"></p>'
Screenshot: file:/C:/Users/drivas/Documents/HodinkeeCodeChallenge/target/screenshot/1616253633873.1.png
Page source: file:/C:/Users/drivas/Documents/HodinkeeCodeChallenge/target/screenshot/1616253633873.1.html
Timeout: 5 s.
at com.codeborne.selenide.impl.WebElementSource.checkCondition(WebElementSource.java:121)
at com.codeborne.selenide.commands.Should.execute(Should.java:30)
at com.codeborne.selenide.commands.Should.execute(Should.java:14)
at com.codeborne.selenide.commands.Commands.execute(Commands.java:155)
at com.codeborne.selenide.impl.SelenideElementProxy.dispatchAndRetry(SelenideElementProxy.java:128)
at com.codeborne.selenide.impl.SelenideElementProxy.invoke(SelenideElementProxy.java:80)
at com.sun.proxy.$Proxy8.shouldHave(Unknown Source)
at test.FactorialTest.factorialNegativeTest(FactorialTest.java:52)
at java.base/java.util.ArrayList.forEach(ArrayList.java:1540)
... Removed 31 stack frames]]>
    </failure>
  </testcase> <!-- factorialNegativeTest -->
  <testcase classname="test.FactorialTest" name="factorialNegativeTest" time="0.425"/>
  <testcase classname="test.FactorialTest" name="factorialNegativeTest" time="0.405"/>
  <testcase classname="test.FactorialTest" name="factorialNegativeTest" time="0.315"/>
  <testcase classname="test.NavigationTest" name="verifyLinks" time="0.235">
    <failure type="java.lang.AssertionError" message="expected [http://qainterview.pythonanywhere.com/terms] but found [http://qainterview.pythonanywhere.com/privacy]">
      <![CDATA[java.lang.AssertionError: expected [http://qainterview.pythonanywhere.com/terms] but found [http://qainterview.pythonanywhere.com/privacy]
at test.NavigationTest.verifyLinks(NavigationTest.java:26)
at java.base/java.util.ArrayList.forEach(ArrayList.java:1540)
... Removed 37 stack frames]]>
    </failure>
  </testcase> <!-- verifyLinks -->
  <testcase classname="test.NavigationTest" name="verifyLinks" time="0.238">
    <failure type="java.lang.AssertionError" message="expected [http://qainterview.pythonanywhere.com/privacy] but found [http://qainterview.pythonanywhere.com/terms]">
      <![CDATA[java.lang.AssertionError: expected [http://qainterview.pythonanywhere.com/privacy] but found [http://qainterview.pythonanywhere.com/terms]
at test.NavigationTest.verifyLinks(NavigationTest.java:26)
at java.base/java.util.ArrayList.forEach(ArrayList.java:1540)
... Removed 37 stack frames]]>
    </failure>
  </testcase> <!-- verifyLinks -->
  <testcase classname="test.NavigationTest" name="verifyLinks" time="2.707"/>
  <testcase classname="test.BaseTest" name="@BeforeSuite setUp" time="0.0">
    <ignored/>
  </testcase> <!-- @BeforeSuite setUp -->
</testsuite> <!-- Hodinkee Test -->
